2026-01-26 13:27:03,933 - himawari_pipeline - INFO - Initializing Himawari-8 Pipeline
2026-01-26 13:27:03,933 - himawari_pipeline - INFO - 
================================================================
         Himawari-8 Pipeline Configuration Summary
================================================================
Geographic Region:
  Latitude:  20.0°N to 27.0°N
  Longitude: 88.0°E to 93.0°E
  Output:    64x64 grid (~0.05° resolution)
----------------------------------------------------------------
Temporal Settings:
  Period:    2023-01-01 to 2025-12-31
  Interval:  30 minutes
----------------------------------------------------------------
Bands:
  B08 (6.2 um)  - Upper-level water vapor
  B10 (7.3 um)  - Mid-level water vapor
  B13 (10.4 um) - Cloud-top temperature
----------------------------------------------------------------
Processing:
  Aggregation: min
  Interpolation: bilinear
----------------------------------------------------------------
Storage:
  Format:    npz
  Directory: d:\Study mat\THESIS\NASA API\himawari_pipeline
================================================================

2026-01-26 13:27:03,946 - himawari_pipeline - INFO - Processing period: 2023-01-01 to 2023-01-01
2026-01-26 13:27:03,965 - himawari_pipeline - INFO - Total timestamps to process: 48
2026-01-26 13:27:03,966 - himawari_pipeline - INFO - Pending timestamps: 48 (0 already done)
2026-01-26 13:29:03,728 - himawari_pipeline - ERROR - Error processing 20230101_0430: [WinError 32] The process cannot access the file because it is being used by another process: 'd:\\Study mat\\THESIS\\NASA API\\himawari_pipeline\\cache\\20230101_0430_B10.bz2'
Traceback (most recent call last):
  File "D:\Study mat\THESIS\NASA API\himawari_pipeline\downloader.py", line 322, in download
    f_out.write(f_in.read())
                ~~~~~~~~~^^
  File "C:\Python313\Lib\bz2.py", line 172, in read
    return self._buffer.read(size)
           ~~~~~~~~~~~~~~~~~^^^^^^
  File "C:\Python313\Lib\_compression.py", line 118, in readall
    while data := self.read(sys.maxsize):
                  ~~~~~~~~~^^^^^^^^^^^^^
  File "C:\Python313\Lib\_compression.py", line 99, in read
    raise EOFError("Compressed file ended before the "
                   "end-of-stream marker was reached")
EOFError: Compressed file ended before the end-of-stream marker was reached

During handling of the above exception, another exception occurred:

Traceback (most recent call last):
  File "D:\Study mat\THESIS\NASA API\himawari_pipeline\run_pipeline.py", line 257, in process_timestamp
    download_result = self.downloader.download_timestamp(timestamp)
  File "D:\Study mat\THESIS\NASA API\himawari_pipeline\downloader.py", line 724, in download_timestamp
    if source.download(timestamp, band, output_path):
       ~~~~~~~~~~~~~~~^^^^^^^^^^^^^^^^^^^^^^^^^^^^^^
  File "D:\Study mat\THESIS\NASA API\himawari_pipeline\downloader.py", line 361, in download
    temp.unlink()
    ~~~~~~~~~~~^^
  File "C:\Python313\Lib\pathlib\_local.py", line 746, in unlink
    os.unlink(self)
    ~~~~~~~~~^^^^^^
PermissionError: [WinError 32] The process cannot access the file because it is being used by another process: 'd:\\Study mat\\THESIS\\NASA API\\himawari_pipeline\\cache\\20230101_0430_B10.bz2'
2026-01-26 13:29:56,669 - himawari_pipeline - ERROR - Error processing 20230101_0700: [WinError 32] The process cannot access the file because it is being used by another process: 'd:\\Study mat\\THESIS\\NASA API\\himawari_pipeline\\cache\\20230101_0700_B08.bz2'
Traceback (most recent call last):
  File "D:\Study mat\THESIS\NASA API\himawari_pipeline\downloader.py", line 325, in download
    temp_bz2.unlink()
    ~~~~~~~~~~~~~~~^^
  File "C:\Python313\Lib\pathlib\_local.py", line 746, in unlink
    os.unlink(self)
    ~~~~~~~~~^^^^^^
PermissionError: [WinError 32] The process cannot access the file because it is being used by another process: 'd:\\Study mat\\THESIS\\NASA API\\himawari_pipeline\\cache\\20230101_0700_B08.bz2'

During handling of the above exception, another exception occurred:

Traceback (most recent call last):
  File "D:\Study mat\THESIS\NASA API\himawari_pipeline\run_pipeline.py", line 257, in process_timestamp
    download_result = self.downloader.download_timestamp(timestamp)
  File "D:\Study mat\THESIS\NASA API\himawari_pipeline\downloader.py", line 724, in download_timestamp
    if source.download(timestamp, band, output_path):
       ~~~~~~~~~~~~~~~^^^^^^^^^^^^^^^^^^^^^^^^^^^^^^
  File "D:\Study mat\THESIS\NASA API\himawari_pipeline\downloader.py", line 361, in download
    temp.unlink()
    ~~~~~~~~~~~^^
  File "C:\Python313\Lib\pathlib\_local.py", line 746, in unlink
    os.unlink(self)
    ~~~~~~~~~^^^^^^
PermissionError: [WinError 32] The process cannot access the file because it is being used by another process: 'd:\\Study mat\\THESIS\\NASA API\\himawari_pipeline\\cache\\20230101_0700_B08.bz2'
2026-01-26 13:31:39,130 - himawari_pipeline - ERROR - Error processing 20230101_1100: [WinError 32] The process cannot access the file because it is being used by another process: 'd:\\Study mat\\THESIS\\NASA API\\himawari_pipeline\\cache\\20230101_1100_B13.bz2'
Traceback (most recent call last):
  File "D:\Study mat\THESIS\NASA API\himawari_pipeline\downloader.py", line 322, in download
    f_out.write(f_in.read())
                ~~~~~~~~~^^
  File "C:\Python313\Lib\bz2.py", line 172, in read
    return self._buffer.read(size)
           ~~~~~~~~~~~~~~~~~^^^^^^
  File "C:\Python313\Lib\_compression.py", line 118, in readall
    while data := self.read(sys.maxsize):
                  ~~~~~~~~~^^^^^^^^^^^^^
  File "C:\Python313\Lib\_compression.py", line 103, in read
    data = self._decompressor.decompress(rawblock, size)
OSError: Invalid data stream

During handling of the above exception, another exception occurred:

Traceback (most recent call last):
  File "D:\Study mat\THESIS\NASA API\himawari_pipeline\run_pipeline.py", line 257, in process_timestamp
    download_result = self.downloader.download_timestamp(timestamp)
  File "D:\Study mat\THESIS\NASA API\himawari_pipeline\downloader.py", line 724, in download_timestamp
    if source.download(timestamp, band, output_path):
       ~~~~~~~~~~~~~~~^^^^^^^^^^^^^^^^^^^^^^^^^^^^^^
  File "D:\Study mat\THESIS\NASA API\himawari_pipeline\downloader.py", line 361, in download
    temp.unlink()
    ~~~~~~~~~~~^^
  File "C:\Python313\Lib\pathlib\_local.py", line 746, in unlink
    os.unlink(self)
    ~~~~~~~~~^^^^^^
PermissionError: [WinError 32] The process cannot access the file because it is being used by another process: 'd:\\Study mat\\THESIS\\NASA API\\himawari_pipeline\\cache\\20230101_1100_B13.bz2'
2026-01-26 13:32:07,538 - himawari_pipeline - ERROR - Error processing 20230101_1230: [WinError 32] The process cannot access the file because it is being used by another process: 'd:\\Study mat\\THESIS\\NASA API\\himawari_pipeline\\cache\\20230101_1230_B08.bz2'
Traceback (most recent call last):
  File "D:\Study mat\THESIS\NASA API\himawari_pipeline\downloader.py", line 322, in download
    f_out.write(f_in.read())
                ~~~~~~~~~^^
  File "C:\Python313\Lib\bz2.py", line 172, in read
    return self._buffer.read(size)
           ~~~~~~~~~~~~~~~~~^^^^^^
  File "C:\Python313\Lib\_compression.py", line 118, in readall
    while data := self.read(sys.maxsize):
                  ~~~~~~~~~^^^^^^^^^^^^^
  File "C:\Python313\Lib\_compression.py", line 103, in read
    data = self._decompressor.decompress(rawblock, size)
OSError: Invalid data stream

During handling of the above exception, another exception occurred:

Traceback (most recent call last):
  File "D:\Study mat\THESIS\NASA API\himawari_pipeline\run_pipeline.py", line 257, in process_timestamp
    download_result = self.downloader.download_timestamp(timestamp)
  File "D:\Study mat\THESIS\NASA API\himawari_pipeline\downloader.py", line 724, in download_timestamp
    if source.download(timestamp, band, output_path):
       ~~~~~~~~~~~~~~~^^^^^^^^^^^^^^^^^^^^^^^^^^^^^^
  File "D:\Study mat\THESIS\NASA API\himawari_pipeline\downloader.py", line 361, in download
    temp.unlink()
    ~~~~~~~~~~~^^
  File "C:\Python313\Lib\pathlib\_local.py", line 746, in unlink
    os.unlink(self)
    ~~~~~~~~~^^^^^^
PermissionError: [WinError 32] The process cannot access the file because it is being used by another process: 'd:\\Study mat\\THESIS\\NASA API\\himawari_pipeline\\cache\\20230101_1230_B08.bz2'
2026-01-26 13:34:25,707 - himawari_pipeline - ERROR - Error processing 20230101_1730: [WinError 32] The process cannot access the file because it is being used by another process: 'd:\\Study mat\\THESIS\\NASA API\\himawari_pipeline\\cache\\20230101_1730_B13.bz2'
Traceback (most recent call last):
  File "D:\Study mat\THESIS\NASA API\himawari_pipeline\downloader.py", line 322, in download
    f_out.write(f_in.read())
                ~~~~~~~~~^^
  File "C:\Python313\Lib\bz2.py", line 172, in read
    return self._buffer.read(size)
           ~~~~~~~~~~~~~~~~~^^^^^^
  File "C:\Python313\Lib\_compression.py", line 118, in readall
    while data := self.read(sys.maxsize):
                  ~~~~~~~~~^^^^^^^^^^^^^
  File "C:\Python313\Lib\_compression.py", line 99, in read
    raise EOFError("Compressed file ended before the "
                   "end-of-stream marker was reached")
EOFError: Compressed file ended before the end-of-stream marker was reached

During handling of the above exception, another exception occurred:

Traceback (most recent call last):
  File "D:\Study mat\THESIS\NASA API\himawari_pipeline\run_pipeline.py", line 257, in process_timestamp
    download_result = self.downloader.download_timestamp(timestamp)
  File "D:\Study mat\THESIS\NASA API\himawari_pipeline\downloader.py", line 724, in download_timestamp
    if source.download(timestamp, band, output_path):
       ~~~~~~~~~~~~~~~^^^^^^^^^^^^^^^^^^^^^^^^^^^^^^
  File "D:\Study mat\THESIS\NASA API\himawari_pipeline\downloader.py", line 361, in download
    temp.unlink()
    ~~~~~~~~~~~^^
  File "C:\Python313\Lib\pathlib\_local.py", line 746, in unlink
    os.unlink(self)
    ~~~~~~~~~^^^^^^
PermissionError: [WinError 32] The process cannot access the file because it is being used by another process: 'd:\\Study mat\\THESIS\\NASA API\\himawari_pipeline\\cache\\20230101_1730_B13.bz2'
2026-01-26 13:34:29,663 - himawari_pipeline - ERROR - Error processing 20230101_1800: [WinError 32] The process cannot access the file because it is being used by another process: 'd:\\Study mat\\THESIS\\NASA API\\himawari_pipeline\\cache\\20230101_1800_B08.bz2'
Traceback (most recent call last):
  File "D:\Study mat\THESIS\NASA API\himawari_pipeline\downloader.py", line 322, in download
    f_out.write(f_in.read())
                ~~~~~~~~~^^
  File "C:\Python313\Lib\bz2.py", line 172, in read
    return self._buffer.read(size)
           ~~~~~~~~~~~~~~~~~^^^^^^
  File "C:\Python313\Lib\_compression.py", line 118, in readall
    while data := self.read(sys.maxsize):
                  ~~~~~~~~~^^^^^^^^^^^^^
  File "C:\Python313\Lib\_compression.py", line 99, in read
    raise EOFError("Compressed file ended before the "
                   "end-of-stream marker was reached")
EOFError: Compressed file ended before the end-of-stream marker was reached

During handling of the above exception, another exception occurred:

Traceback (most recent call last):
  File "D:\Study mat\THESIS\NASA API\himawari_pipeline\run_pipeline.py", line 257, in process_timestamp
    download_result = self.downloader.download_timestamp(timestamp)
  File "D:\Study mat\THESIS\NASA API\himawari_pipeline\downloader.py", line 724, in download_timestamp
    if source.download(timestamp, band, output_path):
       ~~~~~~~~~~~~~~~^^^^^^^^^^^^^^^^^^^^^^^^^^^^^^
  File "D:\Study mat\THESIS\NASA API\himawari_pipeline\downloader.py", line 361, in download
    temp.unlink()
    ~~~~~~~~~~~^^
  File "C:\Python313\Lib\pathlib\_local.py", line 746, in unlink
    os.unlink(self)
    ~~~~~~~~~^^^^^^
PermissionError: [WinError 32] The process cannot access the file because it is being used by another process: 'd:\\Study mat\\THESIS\\NASA API\\himawari_pipeline\\cache\\20230101_1800_B08.bz2'
2026-01-26 13:35:28,470 - himawari_pipeline - ERROR - Error processing 20230101_2030: [WinError 32] The process cannot access the file because it is being used by another process: 'd:\\Study mat\\THESIS\\NASA API\\himawari_pipeline\\cache\\20230101_2030_B08.bz2'
Traceback (most recent call last):
  File "D:\Study mat\THESIS\NASA API\himawari_pipeline\downloader.py", line 325, in download
    temp_bz2.unlink()
    ~~~~~~~~~~~~~~~^^
  File "C:\Python313\Lib\pathlib\_local.py", line 746, in unlink
    os.unlink(self)
    ~~~~~~~~~^^^^^^
PermissionError: [WinError 32] The process cannot access the file because it is being used by another process: 'd:\\Study mat\\THESIS\\NASA API\\himawari_pipeline\\cache\\20230101_2030_B08.bz2'

During handling of the above exception, another exception occurred:

Traceback (most recent call last):
  File "D:\Study mat\THESIS\NASA API\himawari_pipeline\run_pipeline.py", line 257, in process_timestamp
    download_result = self.downloader.download_timestamp(timestamp)
  File "D:\Study mat\THESIS\NASA API\himawari_pipeline\downloader.py", line 724, in download_timestamp
    if source.download(timestamp, band, output_path):
       ~~~~~~~~~~~~~~~^^^^^^^^^^^^^^^^^^^^^^^^^^^^^^
  File "D:\Study mat\THESIS\NASA API\himawari_pipeline\downloader.py", line 361, in download
    temp.unlink()
    ~~~~~~~~~~~^^
  File "C:\Python313\Lib\pathlib\_local.py", line 746, in unlink
    os.unlink(self)
    ~~~~~~~~~^^^^^^
PermissionError: [WinError 32] The process cannot access the file because it is being used by another process: 'd:\\Study mat\\THESIS\\NASA API\\himawari_pipeline\\cache\\20230101_2030_B08.bz2'
2026-01-26 13:36:24,997 - himawari_pipeline - ERROR - Error processing 20230101_2300: [WinError 32] The process cannot access the file because it is being used by another process: 'd:\\Study mat\\THESIS\\NASA API\\himawari_pipeline\\cache\\20230101_2300_B08.bz2'
Traceback (most recent call last):
  File "D:\Study mat\THESIS\NASA API\himawari_pipeline\downloader.py", line 322, in download
    f_out.write(f_in.read())
                ~~~~~~~~~^^
  File "C:\Python313\Lib\bz2.py", line 172, in read
    return self._buffer.read(size)
           ~~~~~~~~~~~~~~~~~^^^^^^
  File "C:\Python313\Lib\_compression.py", line 118, in readall
    while data := self.read(sys.maxsize):
                  ~~~~~~~~~^^^^^^^^^^^^^
  File "C:\Python313\Lib\_compression.py", line 103, in read
    data = self._decompressor.decompress(rawblock, size)
OSError: Invalid data stream

During handling of the above exception, another exception occurred:

Traceback (most recent call last):
  File "D:\Study mat\THESIS\NASA API\himawari_pipeline\run_pipeline.py", line 257, in process_timestamp
    download_result = self.downloader.download_timestamp(timestamp)
  File "D:\Study mat\THESIS\NASA API\himawari_pipeline\downloader.py", line 724, in download_timestamp
    if source.download(timestamp, band, output_path):
       ~~~~~~~~~~~~~~~^^^^^^^^^^^^^^^^^^^^^^^^^^^^^^
  File "D:\Study mat\THESIS\NASA API\himawari_pipeline\downloader.py", line 361, in download
    temp.unlink()
    ~~~~~~~~~~~^^
  File "C:\Python313\Lib\pathlib\_local.py", line 746, in unlink
    os.unlink(self)
    ~~~~~~~~~^^^^^^
PermissionError: [WinError 32] The process cannot access the file because it is being used by another process: 'd:\\Study mat\\THESIS\\NASA API\\himawari_pipeline\\cache\\20230101_2300_B08.bz2'
2026-01-26 13:36:38,108 - himawari_pipeline - INFO - Progress: 48/48 (38 successful, 8 failed)
2026-01-26 13:36:38,109 - himawari_pipeline - INFO - Computing normalization statistics...
2026-01-26 13:36:38,111 - himawari_pipeline - INFO - Normalization stats: {'B08': {'mean': 321.8968200683594, 'std': 19.193302154541016}, 'B10': {'mean': 321.2478332519531, 'std': 23.632604598999023}, 'B13': {'mean': 320.2023620605469, 'std': 21.197546005249023}}
